Flutter crash report.
Please report a bug at https://github.com/flutter/flutter/issues.

## command

flutter run --profile --trace-startup --trace-systrace --verbose-system-logs

## exception

RPCError: getVMTimeline: (114) The timeline related request could not be completed due to the current configuration
A recorder of type "Systrace" is currently in use. As a result, timeline events are handled by the OS rather than the VM. See the VM service documentation for more details on where timeline events can be found for this recorder type.

```
#0      new _OutstandingRequest (package:vm_service/src/vm_service.dart:268:34)
#1      VmService._call.<anonymous closure> (package:vm_service/src/vm_service.dart:1950:25)
#2      VmService._call (package:vm_service/src/vm_service.dart:1962:8)
#3      VmService.callServiceExtension (package:vm_service/src/vm_service.dart:1893:14)
#4      FlutterVmService._checkedCallServiceExtension (package:flutter_tools/src/vmservice.dart:772:28)
#5      FlutterVmService.getTimeline (package:flutter_tools/src/vmservice.dart:957:12)
#6      Tracing.stopTracingAndDownloadTimeline (package:flutter_tools/src/tracing.dart:106:59)
<asynchronous suspension>
#7      downloadStartupTrace (package:flutter_tools/src/tracing.dart:136:41)
<asynchronous suspension>
#8      ColdRunner.run (package:flutter_tools/src/run_cold.dart:116:9)
<asynchronous suspension>
#9      RunCommand.runCommand (package:flutter_tools/src/commands/run.dart:866:27)
<asynchronous suspension>
#10     FlutterCommand.run.<anonymous closure> (package:flutter_tools/src/runner/flutter_command.dart:1581:27)
<asynchronous suspension>
#11     AppContext.run.<anonymous closure> (package:flutter_tools/src/base/context.dart:154:19)
<asynchronous suspension>
#12     CommandRunner.runCommand (package:args/command_runner.dart:212:13)
<asynchronous suspension>
#13     FlutterCommandRunner.runCommand.<anonymous closure> (package:flutter_tools/src/runner/flutter_command_runner.dart:503:9)
<asynchronous suspension>
#14     AppContext.run.<anonymous closure> (package:flutter_tools/src/base/context.dart:154:19)
<asynchronous suspension>
#15     FlutterCommandRunner.runCommand (package:flutter_tools/src/runner/flutter_command_runner.dart:438:5)
<asynchronous suspension>
#16     run.<anonymous closure>.<anonymous closure> (package:flutter_tools/runner.dart:98:11)
<asynchronous suspension>
#17     AppContext.run.<anonymous closure> (package:flutter_tools/src/base/context.dart:154:19)
<asynchronous suspension>
#18     main (package:flutter_tools/executable.dart:101:3)
<asynchronous suspension>
```

## flutter doctor

```
[32m[✓][39m Flutter (Channel stable, 3.35.4, on Microsoft Windows [Version
    10.0.26100.6899], locale en-US) [717ms]
    [32m•[39m Flutter version 3.35.4 on channel stable at C:\src\flutter
    [32m•[39m Upstream repository https://github.com/flutter/flutter.git
    [32m•[39m Framework revision d693b4b9db (4 weeks ago), 2025-09-16
      14:27:41 +0000
    [32m•[39m Engine revision c298091351
    [32m•[39m Dart version 3.9.2
    [32m•[39m DevTools version 2.48.0
    [32m•[39m Feature flags: enable-web, enable-linux-desktop,
      enable-macos-desktop, enable-windows-desktop, enable-android,
      enable-ios, cli-animations, enable-lldb-debugging

[32m[✓][39m Windows Version (11 Home 64-bit, 24H2, 2009) [1,911ms]

[32m[✓][39m Android toolchain - develop for Android devices (Android SDK
    version 36.1.0-rc1) [4.5s]
    [32m•[39m Android SDK at C:\Users\13127\AppData\Local\Android\Sdk
    [32m•[39m Emulator version 36.1.9.0 (build_id 13823996) (CL:N/A)
    [32m•[39m Platform android-36, build-tools 36.1.0-rc1
    [32m•[39m Java binary at: C:\Program Files\Android\Android
      Studio\jbr\bin\java
      This is the JDK bundled with the latest Android Studio
      installation on this machine.
      To manually set the JDK path, use: `flutter config
      --jdk-dir="path/to/jdk"`.
    [32m•[39m Java version OpenJDK Runtime Environment (build
      21.0.6+-13391695-b895.109)
    [32m•[39m All Android licenses accepted.

[32m[✓][39m Chrome - develop for the web [396ms]
    [32m•[39m Chrome at C:\Program
      Files\Google\Chrome\Application\chrome.exe

[33m[!][39m Visual Studio - develop Windows apps (Visual Studio Community
    2022 17.9.6) [395ms]
    [32m•[39m Visual Studio at C:\Program Files\Microsoft Visual
      Studio\2022\Community
    [32m•[39m Visual Studio Community 2022 version 17.9.34728.123
    [32m•[39m Windows 10 SDK version 10.0.19041.0
    [31m✗[39m Visual Studio is missing necessary components. Please re-run
      the Visual Studio installer for the "Desktop development with
      C++" workload, and include these components:
        MSVC v142 - VS 2019 C++ x64/x86 build tools
         - If there are multiple build tool versions available,
         install the latest
        C++ CMake tools for Windows
        Windows 10 SDK

[32m[✓][39m Android Studio (version 2025.1.2) [4ms]
    [32m•[39m Android Studio at C:\Program Files\Android\Android Studio
    [32m•[39m Flutter plugin can be installed from:
      🔨 https://plugins.jetbrains.com/plugin/9212-flutter
    [32m•[39m Dart plugin can be installed from:
      🔨 https://plugins.jetbrains.com/plugin/6351-dart
    [32m•[39m Java version OpenJDK Runtime Environment (build
      21.0.6+-13391695-b895.109)

[32m[✓][39m VS Code (version 1.103.2) [3ms]
    [32m•[39m VS Code at C:\Users\13127\AppData\Local\Programs\Microsoft VS
      Code
    [32m•[39m Flutter extension version 3.116.0

[32m[✓][39m Connected device (4 available) [467ms]
    [32m•[39m sdk gphone64 x86 64 (mobile) • emulator-5554 • android-x64
      • Android 14 (API 34) (emulator)
    [32m•[39m Windows (desktop)            • windows       • windows-x64
      • Microsoft Windows [Version 10.0.26100.6899]
    [32m•[39m Chrome (web)                 • chrome        • web-javascript
      • Google Chrome 141.0.7390.78
    [32m•[39m Edge (web)                   • edge          • web-javascript
      • Microsoft Edge 141.0.3537.71

[32m[✓][39m Network resources [388ms]
    [32m•[39m All expected network resources are available.

[33m![39m Doctor found issues in 1 category.
```
